<?xml version="1.0" encoding="UTF-8"?>
<!-- Generated by org.testng.reporters.JUnitReportReporter -->
<testsuite hostname="ITINNOH-DW0095" failures="0" tests="3" name="com.dwp.qa.test.LoginPageTest" time="67.313" errors="0" timestamp="2024-07-25T10:35:13 EET" skipped="0">
  <testcase classname="com.dwp.qa.test.LoginPageTest" name="submit" time="18.856"/>
  <system-out/>
  <testcase classname="com.dwp.qa.test.LoginPageTest" name="requiredLoginPage" time="7.205"/>
  <system-out/>
  <testcase classname="com.dwp.qa.test.LoginPageTest" name="multiCreate" time="41.252"/>
  <system-out/>
</testsuite> <!-- com.dwp.qa.test.LoginPageTest -->
