<?xml version="1.0" encoding="UTF-8"?>
<!-- Generated by org.testng.reporters.JUnitReportReporter -->
<testsuite hostname="ITINNOH-DW0095" failures="0" tests="3" name="com.dwp.qa.test.LoginPageTest" time="85.919" errors="0" timestamp="2024-07-29T09:23:04 EET" skipped="0">
  <testcase classname="com.dwp.qa.test.LoginPageTest" name="multiCreate" time="10.632"/>
  <system-out/>
  <testcase classname="com.dwp.qa.test.LoginPageTest" name="requiredLoginPage" time="13.586"/>
  <system-out/>
  <testcase classname="com.dwp.qa.test.LoginPageTest" name="submit" time="61.701"/>
  <system-out/>
</testsuite> <!-- com.dwp.qa.test.LoginPageTest -->
